La génération a démarré 9/30/2012 2:50:54 PM.
     1>Projet "C:\Users\Philoupe\Documents\Visual Studio 2010\Projects\FuckingLife\FuckingLife\FuckingLife.vcxproj" sur le nœud 2 (build cible(s)).
     1>InitializeBuildStatus:
         Mise à jour de l'horodatage "Debug\FuckingLife.unsuccessfulbuild".
       ClCompile:
         C:\Program Files (x86)\Microsoft Visual Studio 10.0\VC\bin\CL.exe /c /ZI /nologo /W3 /WX- /Od /Oy- /D _MBCS /Gm /EHsc /RTC1 /MDd /GS /fp:precise /Zc:wchar_t /Zc:forScope /Fo"Debug\\" /Fd"Debug\vc100.pdb" /Gd /TP /analyze- /errorReport:prompt AppDemarrage.cpp MoteurDeJeu.cpp main.cpp
         MoteurDeJeu.cpp
     1>c:\users\philoupe\documents\visual studio 2010\projects\fuckinglife\fuckinglife\moteurdejeu.cpp(1): warning C4067: jetons inattendus après la directive du préprocesseur - saut de ligne attendu
         AppDemarrage.cpp
     1>c:\users\philoupe\documents\visual studio 2010\projects\fuckinglife\fuckinglife\appdemarrage.h(2): warning C4067: jetons inattendus après la directive du préprocesseur - saut de ligne attendu
         Génération de code en cours...
         Ignoré... (aucune modification pertinente détectée)
         main.cpp
       Link:
         C:\Program Files (x86)\Microsoft Visual Studio 10.0\VC\bin\link.exe /ERRORREPORT:PROMPT /OUT:"C:\Users\Philoupe\Documents\Visual Studio 2010\Projects\FuckingLife\Debug\FuckingLife.exe" /NOLOGO OgreMain_d.lib OIS_d.lib kernel32.lib user32.lib gdi32.lib winspool.lib comdlg32.lib advapi32.lib shell32.lib ole32.lib oleaut32.lib uuid.lib odbc32.lib odbccp32.lib /MANIFEST /ManifestFile:"Debug\FuckingLife.exe.intermediate.manifest" /MANIFESTUAC:"level='asInvoker' uiAccess='false'" /DEBUG /PDB:"C:\Users\Philoupe\Documents\Visual Studio 2010\Projects\FuckingLife\Debug\FuckingLife.pdb" /TLBID:1 /DYNAMICBASE /NXCOMPAT /IMPLIB:"C:\Users\Philoupe\Documents\Visual Studio 2010\Projects\FuckingLife\Debug\FuckingLife.lib" /MACHINE:X86 Debug\AppDemarrage.obj
         Debug\main.obj
         Debug\MoteurDeJeu.obj
         FuckingLife.vcxproj -> C:\Users\Philoupe\Documents\Visual Studio 2010\Projects\FuckingLife\Debug\FuckingLife.exe
       Manifest:
         C:\Program Files (x86)\Microsoft SDKs\Windows\v7.0A\bin\mt.exe /nologo /verbose /outputresource:"C:\Users\Philoupe\Documents\Visual Studio 2010\Projects\FuckingLife\Debug\FuckingLife.exe;#1" /manifest Debug\FuckingLife.exe.intermediate.manifest
       FinalizeBuildStatus:
         Suppression du fichier "Debug\FuckingLife.unsuccessfulbuild".
         Mise à jour de l'horodatage "Debug\FuckingLife.lastbuildstate".
     1>Génération du projet "C:\Users\Philoupe\Documents\Visual Studio 2010\Projects\FuckingLife\FuckingLife\FuckingLife.vcxproj" terminée (build cible(s)).

La génération a réussi.

Temps écoulé 00:00:18.89
